<?xml version="1.0" encoding="UTF-8"?>
<testsuite name="com.step.assignments.LibraryTest" tests="6" skipped="0" failures="0" errors="0" timestamp="2019-03-15T12:25:48" hostname="in-Rishabgh.local" time="0.004">
  <properties/>
  <testcase name="addNewBook()" classname="com.step.assignments.LibraryTest" time="0.001"/>
  <testcase name="searchByName()" classname="com.step.assignments.LibraryTest" time="0.0"/>
  <testcase name="removeBook1()" classname="com.step.assignments.LibraryTest" time="0.0"/>
  <testcase name="removeBook2()" classname="com.step.assignments.LibraryTest" time="0.0"/>
  <testcase name="removePermanently()" classname="com.step.assignments.LibraryTest" time="0.001"/>
  <testcase name="searchByName2()" classname="com.step.assignments.LibraryTest" time="0.0"/>
  <system-out><![CDATA[]]></system-out>
  <system-err><![CDATA[]]></system-err>
</testsuite>
