<?xml version="1.0" encoding="UTF-8"?>
<testsuite name="com.step.assignments.LibrarianTest" tests="9" skipped="0" failures="0" errors="0" timestamp="2019-03-15T12:25:48" hostname="in-Rishabgh.local" time="0.009">
  <properties/>
  <testcase name="bringBack1()" classname="com.step.assignments.LibrarianTest" time="0.001"/>
  <testcase name="bringBack2()" classname="com.step.assignments.LibrarianTest" time="0.001"/>
  <testcase name="isBookRemoved()" classname="com.step.assignments.LibrarianTest" time="0.001"/>
  <testcase name="currentReaderOfBook1()" classname="com.step.assignments.LibrarianTest" time="0.002"/>
  <testcase name="currentReaderOfBook2()" classname="com.step.assignments.LibrarianTest" time="0.001"/>
  <testcase name="checkAllBooksOfReader()" classname="com.step.assignments.LibrarianTest" time="0.0"/>
  <testcase name="isBookRemoved2()" classname="com.step.assignments.LibrarianTest" time="0.0"/>
  <testcase name="removeBookFromLibrary()" classname="com.step.assignments.LibrarianTest" time="0.0"/>
  <testcase name="addBookToLibrary()" classname="com.step.assignments.LibrarianTest" time="0.001"/>
  <system-out><![CDATA[]]></system-out>
  <system-err><![CDATA[]]></system-err>
</testsuite>
