<?xml version="1.0" encoding="UTF-8"?>
<testsuite name="com.step.assignments.BookTest" tests="2" skipped="0" failures="0" errors="0" timestamp="2019-03-15T12:25:48" hostname="in-Rishabgh.local" time="0.001">
  <properties/>
  <testcase name="getName()" classname="com.step.assignments.BookTest" time="0.0"/>
  <testcase name="getId()" classname="com.step.assignments.BookTest" time="0.0"/>
  <system-out><![CDATA[]]></system-out>
  <system-err><![CDATA[]]></system-err>
</testsuite>
